[ 2016-11-05T07:15:45+08:00 ] ::1 /house/index.php/Index/location
INFO: [ app_begin ] --START--
INFO: Run Behavior\ReadHtmlCacheBehavior [ RunTime:0.001000s ]
INFO: [ app_begin ] --END-- [ RunTime:0.002000s ]

[ 2016-11-05T21:14:27+08:00 ] ::1 /house/index.php/Index/location
INFO: [ app_begin ] --START--
INFO: Run Behavior\ReadHtmlCacheBehavior [ RunTime:0.001000s ]
INFO: [ app_begin ] --END-- [ RunTime:0.002000s ]

[ 2016-11-05T22:14:10+08:00 ] ::1 /house/index.php/Index/11111111111111111111
ERR: 非法操作:11111111111111111111

[ 2016-11-05T22:33:17+08:00 ] ::1 /house/index.php/js/mui.enterfocus.js
ERR: 无法加载控制器:Js

[ 2016-11-05T22:33:17+08:00 ] ::1 /house/index.php/js/app.js
ERR: 无法加载控制器:Js

[ 2016-11-05T22:33:17+08:00 ] ::1 /house/index.php/js/mui.min.js
ERR: 无法加载控制器:Js

[ 2016-11-05T22:34:40+08:00 ] ::1 /house/index.php/Login/register
ERR: 模板不存在:./App/Home/View/Login/register.html

[ 2016-11-05T22:34:56+08:00 ] ::1 /house/index.php/Login/css/mui.min.css
ERR: 非法操作:css

[ 2016-11-05T22:34:56+08:00 ] ::1 /house/index.php/Login/css/style.css
ERR: 非法操作:css

[ 2016-11-05T22:34:56+08:00 ] ::1 /house/index.php/Login/js/mui.min.js
ERR: 非法操作:js

[ 2016-11-05T22:34:56+08:00 ] ::1 /house/index.php/Login/js/app.js
ERR: 非法操作:js

[ 2016-11-05T22:36:55+08:00 ] ::1 /house/index.php/Login/css/mui.min.css
ERR: 非法操作:css

[ 2016-11-05T22:36:55+08:00 ] ::1 /house/index.php/Login/js/mui.min.js
ERR: 非法操作:js

[ 2016-11-05T22:36:55+08:00 ] ::1 /house/index.php/Login/css/style.css
ERR: 非法操作:css

[ 2016-11-05T22:36:55+08:00 ] ::1 /house/index.php/Login/js/app.js
ERR: 非法操作:js

[ 2016-11-05T22:37:17+08:00 ] ::1 /house/index.php/Login/js/mui.min.js
ERR: 非法操作:js

[ 2016-11-05T22:37:17+08:00 ] ::1 /house/index.php/Login/js/app.js
ERR: 非法操作:js

