[ 2016-11-04T17:16:16+08:00 ] ::1 /house/admin.php/Admin/userinfo
ERR: 非法操作:userinfo

[ 2016-11-04T17:16:17+08:00 ] ::1 /house/admin.php/Config/index
ERR: 无法加载控制器:Config

[ 2016-11-04T17:16:18+08:00 ] ::1 /house/admin.php/Slider/index
ERR: 无法加载控制器:Slider

[ 2016-11-04T17:16:19+08:00 ] ::1 /house/admin.php/Admin/userinfo
ERR: 非法操作:userinfo

[ 2016-11-04T17:16:25+08:00 ] ::1 /house/admin.php/Admin/userinfo
ERR: 非法操作:userinfo

[ 2016-11-04T17:16:26+08:00 ] ::1 /house/admin.php/Config/index
ERR: 无法加载控制器:Config

[ 2016-11-04T17:42:30+08:00 ] ::1 /house/admin.php/Role/user_edit.html
ERR: 非法操作:user_edit

[ 2016-11-04T17:45:43+08:00 ] ::1 /house/admin.php/Role/user_edit.html
ERR: 非法操作:user_edit

[ 2016-11-04T18:41:24+08:00 ] ::1 /house/admin.php/Node/node_add.html
ERR: 非法操作:node_add

[ 2016-11-04T19:41:42+08:00 ] ::1 /house/admin.php/Index/index.html
ERR: 1054:Champ 'Array' inconnu dans where clause
 [ SQL语句 ] : SELECT * FROM `node` WHERE ( pid=0 and id in(Array) ) ORDER BY id asc 

[ 2016-11-04T19:48:00+08:00 ] ::1 /house/admin.php/Login/check_verify
INFO: [ app_begin ] --START--
INFO: Run Behavior\ReadHtmlCacheBehavior [ RunTime:0.001000s ]
INFO: [ app_begin ] --END-- [ RunTime:0.002000s ]
NOTIC: [2048] Declaration of Admin\Model\AdminModel::_after_delete() should be compatible with Think\Model::_after_delete($data, $options) D:\wamp\www\house\App\Admin\Model\AdminModel.class.php 第 7 行.
SQL: SHOW COLUMNS FROM `admin` [ RunTime:0.0156s ]
NOTIC: [8] Use of undefined constant verify - assumed 'verify' D:\wamp\www\house\App\Admin\Controller\LoginController.class.php 第 50 行.

[ 2016-11-04T19:48:10+08:00 ] ::1 /house/admin.php/Login/check_verify
INFO: [ app_begin ] --START--
INFO: Run Behavior\ReadHtmlCacheBehavior [ RunTime:0.001000s ]
INFO: [ app_begin ] --END-- [ RunTime:0.002000s ]
NOTIC: [2048] Declaration of Admin\Model\AdminModel::_after_delete() should be compatible with Think\Model::_after_delete($data, $options) D:\wamp\www\house\App\Admin\Model\AdminModel.class.php 第 7 行.
SQL: SHOW COLUMNS FROM `admin` [ RunTime:0.0000s ]
NOTIC: [8] Use of undefined constant verify - assumed 'verify' D:\wamp\www\house\App\Admin\Controller\LoginController.class.php 第 50 行.

[ 2016-11-04T19:48:18+08:00 ] ::1 /house/admin.php/Login/check_verify
INFO: [ app_begin ] --START--
INFO: Run Behavior\ReadHtmlCacheBehavior [ RunTime:0.002000s ]
INFO: [ app_begin ] --END-- [ RunTime:0.003000s ]
NOTIC: [2048] Declaration of Admin\Model\AdminModel::_after_delete() should be compatible with Think\Model::_after_delete($data, $options) D:\wamp\www\house\App\Admin\Model\AdminModel.class.php 第 7 行.
SQL: SHOW COLUMNS FROM `admin` [ RunTime:0.0000s ]
NOTIC: [8] Use of undefined constant verify - assumed 'verify' D:\wamp\www\house\App\Admin\Controller\LoginController.class.php 第 50 行.

[ 2016-11-04T19:49:28+08:00 ] ::1 /house/admin.php/Login/check_verify
INFO: [ app_begin ] --START--
INFO: Run Behavior\ReadHtmlCacheBehavior [ RunTime:0.002000s ]
INFO: [ app_begin ] --END-- [ RunTime:0.002000s ]
NOTIC: [2048] Declaration of Admin\Model\AdminModel::_after_delete() should be compatible with Think\Model::_after_delete($data, $options) D:\wamp\www\house\App\Admin\Model\AdminModel.class.php 第 7 行.
SQL: SHOW COLUMNS FROM `admin` [ RunTime:0.0156s ]

[ 2016-11-04T19:50:39+08:00 ] ::1 /house/admin.php/Login/check_verify
INFO: [ app_begin ] --START--
INFO: Run Behavior\ReadHtmlCacheBehavior [ RunTime:0.001000s ]
INFO: [ app_begin ] --END-- [ RunTime:0.002000s ]
NOTIC: [2048] Declaration of Admin\Model\AdminModel::_after_delete() should be compatible with Think\Model::_after_delete($data, $options) D:\wamp\www\house\App\Admin\Model\AdminModel.class.php 第 7 行.
SQL: SHOW COLUMNS FROM `admin` [ RunTime:0.0000s ]

[ 2016-11-04T19:51:32+08:00 ] ::1 /house/admin.php/Login/check_verify
INFO: [ app_begin ] --START--
INFO: Run Behavior\ReadHtmlCacheBehavior [ RunTime:0.000000s ]
INFO: [ app_begin ] --END-- [ RunTime:0.002001s ]
NOTIC: [2048] Declaration of Admin\Model\AdminModel::_after_delete() should be compatible with Think\Model::_after_delete($data, $options) D:\wamp\www\house\App\Admin\Model\AdminModel.class.php 第 7 行.
SQL: SHOW COLUMNS FROM `admin` [ RunTime:0.0000s ]

[ 2016-11-04T19:52:02+08:00 ] ::1 /house/admin.php/Login/check_verify
INFO: [ app_begin ] --START--
INFO: Run Behavior\ReadHtmlCacheBehavior [ RunTime:0.001000s ]
INFO: [ app_begin ] --END-- [ RunTime:0.001000s ]
NOTIC: [2048] Declaration of Admin\Model\AdminModel::_after_delete() should be compatible with Think\Model::_after_delete($data, $options) D:\wamp\www\house\App\Admin\Model\AdminModel.class.php 第 7 行.
SQL: SHOW COLUMNS FROM `admin` [ RunTime:0.0050s ]

[ 2016-11-04T19:52:34+08:00 ] ::1 /house/admin.php/Login/check_verify
INFO: [ app_begin ] --START--
INFO: Run Behavior\ReadHtmlCacheBehavior [ RunTime:0.000000s ]
INFO: [ app_begin ] --END-- [ RunTime:0.000000s ]
NOTIC: [2048] Declaration of Admin\Model\AdminModel::_after_delete() should be compatible with Think\Model::_after_delete($data, $options) D:\wamp\www\house\App\Admin\Model\AdminModel.class.php 第 7 行.
SQL: SHOW COLUMNS FROM `admin` [ RunTime:0.0000s ]

[ 2016-11-04T19:54:01+08:00 ] ::1 /house/admin.php/Login/check_verify
INFO: [ app_begin ] --START--
INFO: Run Behavior\ReadHtmlCacheBehavior [ RunTime:0.000000s ]
INFO: [ app_begin ] --END-- [ RunTime:0.000000s ]
NOTIC: [2048] Declaration of Admin\Model\AdminModel::_after_delete() should be compatible with Think\Model::_after_delete($data, $options) D:\wamp\www\house\App\Admin\Model\AdminModel.class.php 第 7 行.
SQL: SHOW COLUMNS FROM `admin` [ RunTime:0.0060s ]

[ 2016-11-04T19:54:04+08:00 ] ::1 /house/admin.php/Login/check_verify
INFO: [ app_begin ] --START--
INFO: Run Behavior\ReadHtmlCacheBehavior [ RunTime:0.001000s ]
INFO: [ app_begin ] --END-- [ RunTime:0.001000s ]
NOTIC: [2048] Declaration of Admin\Model\AdminModel::_after_delete() should be compatible with Think\Model::_after_delete($data, $options) D:\wamp\www\house\App\Admin\Model\AdminModel.class.php 第 7 行.
SQL: SHOW COLUMNS FROM `admin` [ RunTime:0.0000s ]

[ 2016-11-04T19:54:57+08:00 ] ::1 /house/admin.php/Login/check_verify
INFO: [ app_begin ] --START--
INFO: Run Behavior\ReadHtmlCacheBehavior [ RunTime:0.001000s ]
INFO: [ app_begin ] --END-- [ RunTime:0.002000s ]
NOTIC: [2048] Declaration of Admin\Model\AdminModel::_after_delete() should be compatible with Think\Model::_after_delete($data, $options) D:\wamp\www\house\App\Admin\Model\AdminModel.class.php 第 7 行.
SQL: SHOW COLUMNS FROM `admin` [ RunTime:0.0040s ]

[ 2016-11-04T19:57:05+08:00 ] ::1 /house/admin.php/Login/check_verify
INFO: [ app_begin ] --START--
INFO: Run Behavior\ReadHtmlCacheBehavior [ RunTime:0.000000s ]
INFO: [ app_begin ] --END-- [ RunTime:0.000000s ]

[ 2016-11-04T19:57:14+08:00 ] ::1 /house/admin.php/Login/check_verify
INFO: [ app_begin ] --START--
INFO: Run Behavior\ReadHtmlCacheBehavior [ RunTime:0.001000s ]
INFO: [ app_begin ] --END-- [ RunTime:0.002000s ]

[ 2016-11-04T19:57:28+08:00 ] ::1 /house/admin.php/Login/check_verify
INFO: [ app_begin ] --START--
INFO: Run Behavior\ReadHtmlCacheBehavior [ RunTime:0.001000s ]
INFO: [ app_begin ] --END-- [ RunTime:0.002000s ]

[ 2016-11-04T19:57:42+08:00 ] ::1 /house/admin.php/Login/check_verify
INFO: [ app_begin ] --START--
INFO: Run Behavior\ReadHtmlCacheBehavior [ RunTime:0.002000s ]
INFO: [ app_begin ] --END-- [ RunTime:0.003000s ]

[ 2016-11-04T19:58:27+08:00 ] ::1 /house/admin.php/Login/check_verify
INFO: [ app_begin ] --START--
INFO: Run Behavior\ReadHtmlCacheBehavior [ RunTime:0.001000s ]
INFO: [ app_begin ] --END-- [ RunTime:0.002000s ]
NOTIC: [2048] Declaration of Admin\Model\AdminModel::_after_delete() should be compatible with Think\Model::_after_delete($data, $options) D:\wamp\www\house\App\Admin\Model\AdminModel.class.php 第 7 行.
SQL: SHOW COLUMNS FROM `admin` [ RunTime:0.0050s ]

[ 2016-11-04T19:58:31+08:00 ] ::1 /house/admin.php/Login/check_verify
INFO: [ app_begin ] --START--
INFO: Run Behavior\ReadHtmlCacheBehavior [ RunTime:0.002000s ]
INFO: [ app_begin ] --END-- [ RunTime:0.003000s ]
NOTIC: [2048] Declaration of Admin\Model\AdminModel::_after_delete() should be compatible with Think\Model::_after_delete($data, $options) D:\wamp\www\house\App\Admin\Model\AdminModel.class.php 第 7 行.
SQL: SHOW COLUMNS FROM `admin` [ RunTime:0.0060s ]

[ 2016-11-04T19:59:10+08:00 ] ::1 /house/admin.php/Login/check_verify
INFO: [ app_begin ] --START--
INFO: Run Behavior\ReadHtmlCacheBehavior [ RunTime:0.001001s ]
INFO: [ app_begin ] --END-- [ RunTime:0.002001s ]
NOTIC: [2048] Declaration of Admin\Model\AdminModel::_after_delete() should be compatible with Think\Model::_after_delete($data, $options) D:\wamp\www\house\App\Admin\Model\AdminModel.class.php 第 7 行.
SQL: SHOW COLUMNS FROM `admin` [ RunTime:0.0040s ]

[ 2016-11-04T19:59:44+08:00 ] ::1 /house/admin.php/Login/login
ERR: Think\Model:_login_validate方法不存在！

[ 2016-11-04T20:03:14+08:00 ] ::1 /house/admin.php/Login/check_verify
INFO: [ app_begin ] --START--
INFO: Run Behavior\ReadHtmlCacheBehavior [ RunTime:0.001000s ]
INFO: [ app_begin ] --END-- [ RunTime:0.002001s ]
NOTIC: [2048] Declaration of Admin\Model\AdminModel::_after_delete() should be compatible with Think\Model::_after_delete($data, $options) D:\wamp\www\house\App\Admin\Model\AdminModel.class.php 第 7 行.
SQL: SHOW COLUMNS FROM `admin` [ RunTime:0.0000s ]

[ 2016-11-04T20:11:21+08:00 ] ::1 /house/admin.php/Login/check_verify
INFO: [ app_begin ] --START--
INFO: Run Behavior\ReadHtmlCacheBehavior [ RunTime:0.001000s ]
INFO: [ app_begin ] --END-- [ RunTime:0.002000s ]
NOTIC: [2048] Declaration of Admin\Model\AdminModel::_after_delete() should be compatible with Think\Model::_after_delete($data, $options) D:\wamp\www\house\App\Admin\Model\AdminModel.class.php 第 7 行.
SQL: SHOW COLUMNS FROM `admin` [ RunTime:0.0040s ]

[ 2016-11-04T20:13:09+08:00 ] ::1 /house/admin.php/Login/check_verify
INFO: [ app_begin ] --START--
INFO: Run Behavior\ReadHtmlCacheBehavior [ RunTime:0.000000s ]
INFO: [ app_begin ] --END-- [ RunTime:0.002000s ]
NOTIC: [2048] Declaration of Admin\Model\AdminModel::_after_delete() should be compatible with Think\Model::_after_delete($data, $options) D:\wamp\www\house\App\Admin\Model\AdminModel.class.php 第 7 行.
SQL: SHOW COLUMNS FROM `admin` [ RunTime:0.0040s ]

[ 2016-11-04T20:14:34+08:00 ] ::1 /house/admin.php/Login/check_verify
INFO: [ app_begin ] --START--
INFO: Run Behavior\ReadHtmlCacheBehavior [ RunTime:0.001000s ]
INFO: [ app_begin ] --END-- [ RunTime:0.001000s ]
NOTIC: [2048] Declaration of Admin\Model\AdminModel::_after_delete() should be compatible with Think\Model::_after_delete($data, $options) D:\wamp\www\house\App\Admin\Model\AdminModel.class.php 第 7 行.
SQL: SHOW COLUMNS FROM `admin` [ RunTime:0.0050s ]

[ 2016-11-04T20:14:40+08:00 ] ::1 /house/admin.php/Login/check_verify
INFO: [ app_begin ] --START--
INFO: Run Behavior\ReadHtmlCacheBehavior [ RunTime:0.001000s ]
INFO: [ app_begin ] --END-- [ RunTime:0.001000s ]
NOTIC: [2048] Declaration of Admin\Model\AdminModel::_after_delete() should be compatible with Think\Model::_after_delete($data, $options) D:\wamp\www\house\App\Admin\Model\AdminModel.class.php 第 7 行.
SQL: SHOW COLUMNS FROM `admin` [ RunTime:0.0040s ]

[ 2016-11-04T20:17:06+08:00 ] ::1 /house/admin.php/Login/check_verify
INFO: [ app_begin ] --START--
INFO: Run Behavior\ReadHtmlCacheBehavior [ RunTime:0.001000s ]
INFO: [ app_begin ] --END-- [ RunTime:0.001000s ]
NOTIC: [2048] Declaration of Admin\Model\AdminModel::_after_delete() should be compatible with Think\Model::_after_delete($data, $options) D:\wamp\www\house\App\Admin\Model\AdminModel.class.php 第 7 行.
SQL: SHOW COLUMNS FROM `admin` [ RunTime:0.0040s ]

[ 2016-11-04T20:17:28+08:00 ] ::1 /house/admin.php/Login/check_verify
INFO: [ app_begin ] --START--
INFO: Run Behavior\ReadHtmlCacheBehavior [ RunTime:0.000000s ]
INFO: [ app_begin ] --END-- [ RunTime:0.002000s ]
NOTIC: [2048] Declaration of Admin\Model\AdminModel::_after_delete() should be compatible with Think\Model::_after_delete($data, $options) D:\wamp\www\house\App\Admin\Model\AdminModel.class.php 第 7 行.
SQL: SHOW COLUMNS FROM `admin` [ RunTime:0.0040s ]

[ 2016-11-04T20:18:00+08:00 ] ::1 /house/admin.php/Login/check_verify
INFO: [ app_begin ] --START--
INFO: Run Behavior\ReadHtmlCacheBehavior [ RunTime:0.001000s ]
INFO: [ app_begin ] --END-- [ RunTime:0.001000s ]
NOTIC: [2048] Declaration of Admin\Model\AdminModel::_after_delete() should be compatible with Think\Model::_after_delete($data, $options) D:\wamp\www\house\App\Admin\Model\AdminModel.class.php 第 7 行.
SQL: SHOW COLUMNS FROM `admin` [ RunTime:0.0040s ]

[ 2016-11-04T20:19:59+08:00 ] ::1 /house/admin.php/Login/check_verify
INFO: [ app_begin ] --START--
INFO: Run Behavior\ReadHtmlCacheBehavior [ RunTime:0.001000s ]
INFO: [ app_begin ] --END-- [ RunTime:0.001000s ]
NOTIC: [2048] Declaration of Admin\Model\AdminModel::_after_delete() should be compatible with Think\Model::_after_delete($data, $options) D:\wamp\www\house\App\Admin\Model\AdminModel.class.php 第 7 行.
SQL: SHOW COLUMNS FROM `admin` [ RunTime:0.0040s ]

[ 2016-11-04T20:20:49+08:00 ] ::1 /house/admin.php/Login/check_verify
INFO: [ app_begin ] --START--
INFO: Run Behavior\ReadHtmlCacheBehavior [ RunTime:0.001000s ]
INFO: [ app_begin ] --END-- [ RunTime:0.001000s ]
NOTIC: [2048] Declaration of Admin\Model\AdminModel::_after_delete() should be compatible with Think\Model::_after_delete($data, $options) D:\wamp\www\house\App\Admin\Model\AdminModel.class.php 第 7 行.
SQL: SHOW COLUMNS FROM `admin` [ RunTime:0.0000s ]

[ 2016-11-04T20:21:30+08:00 ] ::1 /house/admin.php/Login/check_verify
INFO: [ app_begin ] --START--
INFO: Run Behavior\ReadHtmlCacheBehavior [ RunTime:0.000000s ]
INFO: [ app_begin ] --END-- [ RunTime:0.001000s ]
NOTIC: [2048] Declaration of Admin\Model\AdminModel::_after_delete() should be compatible with Think\Model::_after_delete($data, $options) D:\wamp\www\house\App\Admin\Model\AdminModel.class.php 第 7 行.
SQL: SHOW COLUMNS FROM `admin` [ RunTime:0.0040s ]

[ 2016-11-04T20:21:41+08:00 ] ::1 /house/admin.php/Login/check_verify
INFO: [ app_begin ] --START--
INFO: Run Behavior\ReadHtmlCacheBehavior [ RunTime:0.001000s ]
INFO: [ app_begin ] --END-- [ RunTime:0.002000s ]
NOTIC: [2048] Declaration of Admin\Model\AdminModel::_after_delete() should be compatible with Think\Model::_after_delete($data, $options) D:\wamp\www\house\App\Admin\Model\AdminModel.class.php 第 7 行.
SQL: SHOW COLUMNS FROM `admin` [ RunTime:0.0000s ]

[ 2016-11-04T20:25:46+08:00 ] ::1 /house/admin.php/Login/check_verify
INFO: [ app_begin ] --START--
INFO: Run Behavior\ReadHtmlCacheBehavior [ RunTime:0.000000s ]
INFO: [ app_begin ] --END-- [ RunTime:0.002001s ]
NOTIC: [2048] Declaration of Admin\Model\AdminModel::_after_delete() should be compatible with Think\Model::_after_delete($data, $options) D:\wamp\www\house\App\Admin\Model\AdminModel.class.php 第 7 行.
SQL: SHOW COLUMNS FROM `admin` [ RunTime:0.0050s ]

[ 2016-11-04T20:26:33+08:00 ] ::1 /house/admin.php/Login/check_verify
INFO: [ app_begin ] --START--
INFO: Run Behavior\ReadHtmlCacheBehavior [ RunTime:0.001000s ]
INFO: [ app_begin ] --END-- [ RunTime:0.002000s ]
NOTIC: [2048] Declaration of Admin\Model\AdminModel::_after_delete() should be compatible with Think\Model::_after_delete($data, $options) D:\wamp\www\house\App\Admin\Model\AdminModel.class.php 第 7 行.
SQL: SHOW COLUMNS FROM `admin` [ RunTime:0.0040s ]

[ 2016-11-04T20:31:02+08:00 ] ::1 /house/admin.php/Log/clear
ERR: 参数错误或者未定义:time

[ 2016-11-04T20:31:23+08:00 ] ::1 /house/admin.php/Log/clear?date=&btn1=%E6%B8%85%E9%99%A4
ERR: 参数错误或者未定义:time

[ 2016-11-04T20:36:19+08:00 ] ::1 /house/admin.php/Log/clear
ERR: 1054:Champ 'add_time' inconnu dans where clause
 [ SQL语句 ] : DELETE FROM `log` WHERE ( add_time >1*86400 and add_time <(1+1)*86400 )

[ 2016-11-04T20:37:09+08:00 ] ::1 /house/admin.php/Log/clear
ERR: 1054:Champ 'add_time' inconnu dans where clause
 [ SQL语句 ] : DELETE FROM `log` WHERE (  ( add_time >1*86400 ) and ( add_time <(1+1)*86400 ) )

[ 2016-11-04T20:51:51+08:00 ] ::1 /house/admin.php/Log/Log/index
ERR: 非法操作:Log

[ 2016-11-04T20:55:36+08:00 ] ::1 /house/admin.php/Log/Log/index
ERR: 非法操作:Log

[ 2016-11-04T21:02:25+08:00 ] ::1 /house/admin.php/Log/lists
ERR: 非法操作:lists

[ 2016-11-04T21:06:32+08:00 ] ::1 /house/admin.php/Admin/userinfo
ERR: 非法操作:userinfo

[ 2016-11-04T21:06:33+08:00 ] ::1 /house/admin.php/Config/index
ERR: 无法加载控制器:Config

[ 2016-11-04T21:06:33+08:00 ] ::1 /house/admin.php/Slider/index
ERR: 无法加载控制器:Slider

[ 2016-11-04T21:06:34+08:00 ] ::1 /house/admin.php/Slider/index
ERR: 无法加载控制器:Slider

[ 2016-11-04T21:06:35+08:00 ] ::1 /house/admin.php/Config/index
ERR: 无法加载控制器:Config

[ 2016-11-04T21:06:35+08:00 ] ::1 /house/admin.php/Admin/userinfo
ERR: 非法操作:userinfo

[ 2016-11-04T21:07:18+08:00 ] ::1 /house/admin.php/Config/index
ERR: 无法加载控制器:Config

[ 2016-11-04T21:07:19+08:00 ] ::1 /house/admin.php/Slider/index
ERR: 无法加载控制器:Slider

[ 2016-11-04T21:07:21+08:00 ] ::1 /house/admin.php/Config/index
ERR: 无法加载控制器:Config

[ 2016-11-04T21:07:45+08:00 ] ::1 /house/admin.php/Slider/index
ERR: 无法加载控制器:Slider

[ 2016-11-04T21:09:46+08:00 ] ::1 /house/admin.php/Slider/css/system.css
ERR: 非法操作:css

[ 2016-11-04T21:09:46+08:00 ] ::1 /house/admin.php/Slider/css/bootstrap.min.css
ERR: 非法操作:css

[ 2016-11-04T21:29:12+08:00 ] ::1 /house/admin.php/Slider/add
ERR: Think\Model:success方法不存在！

[ 2016-11-04T22:04:47+08:00 ] ::1 /house/admin.php/Slider/del/id/1
ERR: 非法操作:del

[ 2016-11-04T22:15:02+08:00 ] ::1 /house/admin.php/Config/index
ERR: 无法加载控制器:Config

[ 2016-11-04T22:16:20+08:00 ] ::1 /house/admin.php/Config/index
ERR: 无法加载控制器:Config

[ 2016-11-04T22:16:21+08:00 ] ::1 /house/admin.php/Config/index
ERR: 无法加载控制器:Config

[ 2016-11-04T22:16:21+08:00 ] ::1 /house/admin.php/Config/index
ERR: 无法加载控制器:Config

[ 2016-11-04T22:16:27+08:00 ] ::1 /house/admin.php/Config/index
ERR: 无法加载控制器:Config

[ 2016-11-04T22:16:40+08:00 ] ::1 /house/admin.php/Config/css/system.css
ERR: 非法操作:css

[ 2016-11-04T22:16:40+08:00 ] ::1 /house/admin.php/Config/css/bootstrap.min.css
ERR: 非法操作:css

