[ 2016-11-03T09:34:15+08:00 ] ::1 /house/admin.php
INFO: [ app_init ] --START--
INFO: Run Behavior\BuildLiteBehavior [ RunTime:0.000000s ]
INFO: [ app_init ] --END-- [ RunTime:0.001000s ]
INFO: [ app_begin ] --START--
INFO: Run Behavior\ReadHtmlCacheBehavior [ RunTime:0.001000s ]
INFO: [ app_begin ] --END-- [ RunTime:0.001000s ]
INFO: [ view_parse ] --START--
INFO: Run Behavior\ParseTemplateBehavior [ RunTime:0.002000s ]
INFO: [ view_parse ] --END-- [ RunTime:0.002000s ]
INFO: [ view_filter ] --START--
INFO: Run Behavior\WriteHtmlCacheBehavior [ RunTime:0.001000s ]
INFO: [ view_filter ] --END-- [ RunTime:0.001000s ]
INFO: [ app_end ] --START--
INFO: Run Behavior\ShowPageTraceBehavior [ RunTime:0.001000s ]
INFO: [ app_end ] --END-- [ RunTime:0.001000s ]

[ 2016-11-03T09:34:48+08:00 ] ::1 /house/admin.php
INFO: [ app_init ] --START--
INFO: Run Behavior\BuildLiteBehavior [ RunTime:0.000000s ]
INFO: [ app_init ] --END-- [ RunTime:0.001000s ]
INFO: [ app_begin ] --START--
INFO: Run Behavior\ReadHtmlCacheBehavior [ RunTime:0.000000s ]
INFO: [ app_begin ] --END-- [ RunTime:0.002000s ]
ERR: 模板不存在:./App/Admin/View/Index/index.html

[ 2016-11-03T09:37:00+08:00 ] ::1 /house/admin.php
INFO: [ app_init ] --START--
INFO: Run Behavior\BuildLiteBehavior [ RunTime:0.000000s ]
INFO: [ app_init ] --END-- [ RunTime:0.001000s ]
INFO: [ app_begin ] --START--
INFO: Run Behavior\ReadHtmlCacheBehavior [ RunTime:0.002000s ]
INFO: [ app_begin ] --END-- [ RunTime:0.002000s ]
INFO: [ view_parse ] --START--
INFO: [ template_filter ] --START--
INFO: Run Behavior\ContentReplaceBehavior [ RunTime:0.000000s ]
INFO: [ template_filter ] --END-- [ RunTime:0.000000s ]
INFO: Run Behavior\ParseTemplateBehavior [ RunTime:0.014001s ]
INFO: [ view_parse ] --END-- [ RunTime:0.014001s ]
INFO: [ view_filter ] --START--
INFO: Run Behavior\WriteHtmlCacheBehavior [ RunTime:0.001000s ]
INFO: [ view_filter ] --END-- [ RunTime:0.001000s ]
INFO: [ app_end ] --START--
INFO: Run Behavior\ShowPageTraceBehavior [ RunTime:0.000000s ]
INFO: [ app_end ] --END-- [ RunTime:0.002000s ]

[ 2016-11-03T09:40:27+08:00 ] ::1 /house/admin.php
INFO: [ app_init ] --START--
INFO: Run Behavior\BuildLiteBehavior [ RunTime:0.000000s ]
INFO: [ app_init ] --END-- [ RunTime:0.001000s ]

[ 2016-11-03T09:49:33+08:00 ] ::1 /house/admin.php
ERR: Think\Model:list方法不存在！

[ 2016-11-03T09:50:47+08:00 ] ::1 /house/admin.php
ERR: Think\Model:oder方法不存在！

[ 2016-11-03T09:55:04+08:00 ] ::1 /house/admin.php
ERR: 1064:Erreur de syntaxe près de ') ORDER BY id asc' à la ligne 1
 [ SQL语句 ] : SELECT * FROM `node` WHERE (  id ) AND (  ) ORDER BY id asc 

[ 2016-11-03T10:02:46+08:00 ] ::1 /house/admin.php
ERR: Think\Model:assign方法不存在！

[ 2016-11-03T10:23:01+08:00 ] ::1 /house/admin.php
ERR: XML标签语法错误 : condition="$id < $vo['pid'] "

[ 2016-11-03T10:33:04+08:00 ] ::1 /house/admin.php/Index/intro
ERR: 模板不存在:./App/Admin/View/Index/intro.html

[ 2016-11-03T10:35:12+08:00 ] ::1 /house/admin.php/Index/intro
ERR: 模板不存在:./App/Admin/View/Index/intro.html

[ 2016-11-03T10:35:56+08:00 ] ::1 /house/admin.php/Index/intro
ERR: 模板不存在:./App/Admin/View/Index/intro.html

[ 2016-11-03T10:36:10+08:00 ] ::1 /house/admin.php/Index/intro
ERR: 模板不存在:./App/Admin/View/Index/intro.html

[ 2016-11-03T10:36:18+08:00 ] ::1 /house/admin.php/Index/help
ERR: 非法操作:help

[ 2016-11-03T10:36:19+08:00 ] ::1 /house/admin.php/Index/intro
ERR: 模板不存在:./App/Admin/View/Index/intro.html

[ 2016-11-03T10:36:20+08:00 ] ::1 /house/admin.php/Index/intro
ERR: 模板不存在:./App/Admin/View/Index/intro.html

[ 2016-11-03T10:36:21+08:00 ] ::1 /house/admin.php/Index/intro
ERR: 模板不存在:./App/Admin/View/Index/intro.html

[ 2016-11-03T10:36:29+08:00 ] ::1 /house/admin.php/Index/intro
ERR: 模板不存在:./App/Admin/View/Index/intro.html

[ 2016-11-03T10:36:41+08:00 ] ::1 /house/admin.php/Index/intro
ERR: 模板不存在:./App/Admin/View/Index/intro.html

[ 2016-11-03T10:36:52+08:00 ] ::1 /house/admin.php/Index/intro
ERR: 模板不存在:./App/Admin/View/Index/intro.html

[ 2016-11-03T10:39:10+08:00 ] ::1 /house/admin.php/Index/help
ERR: 非法操作:help

[ 2016-11-03T10:54:31+08:00 ] ::1 /house/admin.php/Index/help
ERR: 非法操作:help

[ 2016-11-03T11:01:18+08:00 ] ::1 /house/admin.php/Admin/index
ERR: 无法加载控制器:Admin

[ 2016-11-03T11:03:18+08:00 ] ::1 /house/admin.php/css/common.css
ERR: 无法加载控制器:Css

[ 2016-11-03T11:03:19+08:00 ] ::1 /house/admin.php/css/system.css
ERR: 无法加载控制器:Css

[ 2016-11-03T11:30:51+08:00 ] ::1 /house/admin.php/baidu
ERR: 无法加载控制器:Baidu

[ 2016-11-03T11:30:52+08:00 ] ::1 /house/admin.php/baidu
ERR: 无法加载控制器:Baidu

[ 2016-11-03T11:30:53+08:00 ] ::1 /house/admin.php/baidu
ERR: 无法加载控制器:Baidu

[ 2016-11-03T18:32:12+08:00 ] ::1 /house/admin.php/Login/check_verify
INFO: [ app_begin ] --START--
INFO: Run Behavior\ReadHtmlCacheBehavior [ RunTime:0.001000s ]
INFO: [ app_begin ] --END-- [ RunTime:0.002000s ]
ERR: 参数错误或者未定义:code

[ 2016-11-03T18:32:23+08:00 ] ::1 /house/admin.php/Login/check_verify
ERR: 参数错误或者未定义:code

[ 2016-11-03T18:32:51+08:00 ] ::1 /house/admin.php/Login/check_verify
INFO: [ app_begin ] --START--
INFO: Run Behavior\ReadHtmlCacheBehavior [ RunTime:0.002000s ]
INFO: [ app_begin ] --END-- [ RunTime:0.003000s ]

[ 2016-11-03T18:33:38+08:00 ] ::1 /house/admin.php/Login/check_verify
INFO: [ app_begin ] --START--
INFO: Run Behavior\ReadHtmlCacheBehavior [ RunTime:0.002000s ]
INFO: [ app_begin ] --END-- [ RunTime:0.002000s ]

[ 2016-11-03T18:36:11+08:00 ] ::1 /house/admin.php/Login/check_verify
INFO: [ app_begin ] --START--
INFO: Run Behavior\ReadHtmlCacheBehavior [ RunTime:0.001000s ]
INFO: [ app_begin ] --END-- [ RunTime:0.002000s ]

[ 2016-11-03T18:36:45+08:00 ] ::1 /house/admin.php/Login/check_verify
INFO: [ app_begin ] --START--
INFO: Run Behavior\ReadHtmlCacheBehavior [ RunTime:0.001000s ]
INFO: [ app_begin ] --END-- [ RunTime:0.002000s ]
SQL: SHOW COLUMNS FROM `admin` [ RunTime:0.0000s ]
NOTIC: [8] Use of undefined constant verify - assumed 'verify' D:\wamp\www\house\App\Admin\Controller\LoginController.class.php 第 42 行.

[ 2016-11-03T18:41:36+08:00 ] ::1 /house/admin.php/Login/check_verify
INFO: [ app_begin ] --START--
INFO: Run Behavior\ReadHtmlCacheBehavior [ RunTime:0.001000s ]
INFO: [ app_begin ] --END-- [ RunTime:0.003000s ]
SQL: SHOW COLUMNS FROM `admin` [ RunTime:0.0050s ]
NOTIC: [8] Use of undefined constant verify - assumed 'verify' D:\wamp\www\house\App\Admin\Controller\LoginController.class.php 第 42 行.

[ 2016-11-03T18:41:52+08:00 ] ::1 /house/admin.php/Login/check_verify
INFO: [ app_begin ] --START--
INFO: Run Behavior\ReadHtmlCacheBehavior [ RunTime:0.001000s ]
INFO: [ app_begin ] --END-- [ RunTime:0.001000s ]
SQL: SHOW COLUMNS FROM `admin` [ RunTime:0.0050s ]
NOTIC: [8] Use of undefined constant verify - assumed 'verify' D:\wamp\www\house\App\Admin\Controller\LoginController.class.php 第 42 行.

[ 2016-11-03T18:42:17+08:00 ] ::1 /house/admin.php/Login/check_verify
INFO: [ app_begin ] --START--
INFO: Run Behavior\ReadHtmlCacheBehavior [ RunTime:0.001000s ]
INFO: [ app_begin ] --END-- [ RunTime:0.002000s ]
SQL: SHOW COLUMNS FROM `admin` [ RunTime:0.0156s ]
NOTIC: [8] Use of undefined constant verify - assumed 'verify' D:\wamp\www\house\App\Admin\Controller\LoginController.class.php 第 42 行.

[ 2016-11-03T18:42:34+08:00 ] ::1 /house/admin.php/Login/check_verify
INFO: [ app_begin ] --START--
INFO: Run Behavior\ReadHtmlCacheBehavior [ RunTime:0.001001s ]
INFO: [ app_begin ] --END-- [ RunTime:0.002001s ]
SQL: SHOW COLUMNS FROM `admin` [ RunTime:0.0040s ]
NOTIC: [8] Use of undefined constant verify - assumed 'verify' D:\wamp\www\house\App\Admin\Controller\LoginController.class.php 第 42 行.

[ 2016-11-03T18:55:12+08:00 ] ::1 /house/admin.php/Admin/index
ERR: 无法加载控制器:Admin

[ 2016-11-03T18:55:18+08:00 ] ::1 /house/admin.php/Admin/index
ERR: 无法加载控制器:Admin

[ 2016-11-03T18:56:37+08:00 ] ::1 /house/admin.php/Admin/index
ERR: 模板不存在:./App/Admin/View/Admin/index.html

[ 2016-11-03T19:16:32+08:00 ] ::1 /house/admin.php/Admin/user_add.html
ERR: 非法操作:user_add

[ 2016-11-03T19:19:08+08:00 ] ::1 /house/admin.php/Admin/user_add.html
ERR: 非法操作:user_add

[ 2016-11-03T19:19:43+08:00 ] ::1 /house/admin.php/Admin/user_add.html
ERR: 非法操作:user_add

[ 2016-11-03T19:19:46+08:00 ] ::1 /house/admin.php/Admin/add
ERR: 模板不存在:./App/Admin/View/Admin/add.html

[ 2016-11-03T19:23:20+08:00 ] ::1 /house/admin.php/Admin/log
ERR: 非法操作:log

[ 2016-11-03T19:23:21+08:00 ] ::1 /house/admin.php/Role/index
ERR: 无法加载控制器:Role

[ 2016-11-03T20:14:31+08:00 ] ::1 /house/admin.php/Role/add
ERR: Think\Controller:getError方法不存在！

[ 2016-11-03T20:33:27+08:00 ] ::1 /house/admin.php/Role/role.html
ERR: 非法操作:role

[ 2016-11-03T20:51:03+08:00 ] ::1 /house/admin.php/Role/privileges.html
ERR: 非法操作:privileges

[ 2016-11-03T20:51:39+08:00 ] ::1 /house/admin.php/Node/index
ERR: 无法加载控制器:Node

[ 2016-11-03T21:22:41+08:00 ] ::1 /house/admin.php/Role/add
ERR: 1048:Le champ 'node_ids' ne peut être vide (null)
 [ SQL语句 ] : INSERT INTO `role` (`name`,`remark`,`node_ids`,`add_time`) VALUES ('sql','sql',NULL,'1478179361')

[ 2016-11-03T21:23:59+08:00 ] ::1 /house/admin.php/Node/index
ERR: 无法加载控制器:Node

[ 2016-11-03T21:26:01+08:00 ] ::1 /house/admin.php/Node/css/bootstrap.min.css
ERR: 非法操作:css

[ 2016-11-03T21:26:01+08:00 ] ::1 /house/admin.php/Node/css/system.css
ERR: 非法操作:css

[ 2016-11-03T21:26:03+08:00 ] ::1 /house/admin.php/Node/css/bootstrap.min.css
ERR: 非法操作:css

[ 2016-11-03T21:26:03+08:00 ] ::1 /house/admin.php/Node/css/system.css
ERR: 非法操作:css

[ 2016-11-03T21:29:43+08:00 ] ::1 /house/admin.php/Slider/index
ERR: 无法加载控制器:Slider

[ 2016-11-03T21:29:49+08:00 ] ::1 /house/admin.php/Admin/log
ERR: 非法操作:log

[ 2016-11-03T21:29:51+08:00 ] ::1 /house/admin.php/Admin/log
ERR: 非法操作:log

[ 2016-11-03T21:51:32+08:00 ] ::1 /house/admin.php/Admin/log
ERR: 非法操作:log

[ 2016-11-03T21:52:04+08:00 ] ::1 /house/admin.php/Admin/log
ERR: 非法操作:log

[ 2016-11-03T21:58:38+08:00 ] ::1 /house/admin.php/Database/
ERR: 无法加载控制器:Database

[ 2016-11-03T21:58:42+08:00 ] ::1 /house/admin.php/Admin/log
ERR: 非法操作:log

[ 2016-11-03T22:04:24+08:00 ] ::1 /house/admin.php/Admin/log
ERR: 非法操作:log

[ 2016-11-03T22:05:53+08:00 ] ::1 /house/admin.php/Admin/userinfo
ERR: 非法操作:userinfo

[ 2016-11-03T22:06:05+08:00 ] ::1 /house/admin.php/Admin/log
ERR: 非法操作:log

[ 2016-11-03T22:06:08+08:00 ] ::1 /house/admin.php/Admin/log
ERR: 非法操作:log

[ 2016-11-03T22:06:43+08:00 ] ::1 /house/admin.php/Admin/log
ERR: 非法操作:log

[ 2016-11-03T22:07:01+08:00 ] ::1 /house/admin.php/Admin/log
ERR: 非法操作:log

[ 2016-11-03T22:10:39+08:00 ] ::1 /house/admin.php/Admin/log
ERR: 非法操作:log

[ 2016-11-03T22:10:40+08:00 ] ::1 /house/admin.php/Admin/log
ERR: 非法操作:log

[ 2016-11-03T22:11:24+08:00 ] ::1 /house/admin.php/Admin/log
ERR: 非法操作:log

[ 2016-11-03T22:11:25+08:00 ] ::1 /house/admin.php/Admin/log
ERR: 非法操作:log

[ 2016-11-03T22:11:29+08:00 ] ::1 /house/admin.php/Log/index
ERR: 模板不存在:./App/Admin/View/Log/index.html

[ 2016-11-03T22:12:30+08:00 ] ::1 /house/admin.php/Log/index
ERR: 模板不存在:./App/Admin/View/Log/index.html

[ 2016-11-03T22:13:12+08:00 ] ::1 /house/admin.php/Log/css/bootstrap.min.css
ERR: 非法操作:css

[ 2016-11-03T22:13:12+08:00 ] ::1 /house/admin.php/Log/js/jquery.min.js
ERR: 非法操作:js

[ 2016-11-03T22:27:29+08:00 ] ::1 /house/admin.php/Admin/user_list.html
ERR: 非法操作:user_list

[ 2016-11-03T22:28:27+08:00 ] ::1 /house/admin.php/Admin/user_list.html
ERR: 非法操作:user_list

[ 2016-11-03T22:29:32+08:00 ] ::1 /house/admin.php/Admin/privileges.html
ERR: 非法操作:privileges

[ 2016-11-03T22:52:27+08:00 ] ::1 /house/admin.php/Admin/user_edit.html
ERR: 非法操作:user_edit

[ 2016-11-03T22:53:27+08:00 ] ::1 /house/admin.php/Admin/edit/id/1
ERR: 非法操作:edit

